0 info it worked if it ends with ok
1 verbose cli [ 'node', '/usr/local/bin/npm', 'run', 'start' ]
2 info using npm@3.3.3
3 info using node@v0.12.7
4 verbose run-script [ 'prestart', 'start', 'poststart' ]
5 info lifecycle vue-starter@0.0.0~prestart: vue-starter@0.0.0
6 silly lifecycle vue-starter@0.0.0~prestart: no script for prestart, continuing
7 info lifecycle vue-starter@0.0.0~start: vue-starter@0.0.0
8 verbose lifecycle vue-starter@0.0.0~start: unsafe-perm in lifecycle true
9 verbose lifecycle vue-starter@0.0.0~start: PATH: /usr/local/lib/node_modules/npm/bin/node-gyp-bin:/Users/kyle/sites/vue-starter/node_modules/.bin:/usr/local/bin:/usr/bin:/bin:/usr/sbin:/sbin
10 verbose lifecycle vue-starter@0.0.0~start: CWD: /Users/kyle/sites/vue-starter
11 silly lifecycle vue-starter@0.0.0~start: Args: [ '-c', 'node dev-server.js' ]
12 silly lifecycle vue-starter@0.0.0~start: Returned: code: 1  signal: null
13 info lifecycle vue-starter@0.0.0~start: Failed to exec start script
14 verbose stack Error: vue-starter@0.0.0 start: `node dev-server.js`
14 verbose stack Exit status 1
14 verbose stack     at EventEmitter.<anonymous> (/usr/local/lib/node_modules/npm/lib/utils/lifecycle.js:233:16)
14 verbose stack     at EventEmitter.emit (events.js:110:17)
14 verbose stack     at ChildProcess.<anonymous> (/usr/local/lib/node_modules/npm/lib/utils/spawn.js:24:14)
14 verbose stack     at ChildProcess.emit (events.js:110:17)
14 verbose stack     at maybeClose (child_process.js:1015:16)
14 verbose stack     at Process.ChildProcess._handle.onexit (child_process.js:1087:5)
15 verbose pkgid vue-starter@0.0.0
16 verbose cwd /Users/kyle/sites/vue-starter
17 error Darwin 15.0.0
18 error argv "node" "/usr/local/bin/npm" "run" "start"
19 error node v0.12.7
20 error npm  v3.3.3
21 error code ELIFECYCLE
22 error vue-starter@0.0.0 start: `node dev-server.js`
22 error Exit status 1
23 error Failed at the vue-starter@0.0.0 start script 'node dev-server.js'.
23 error This is most likely a problem with the vue-starter package,
23 error not with npm itself.
23 error Tell the author that this fails on your system:
23 error     node dev-server.js
23 error You can get their info via:
23 error     npm owner ls vue-starter
23 error There is likely additional logging output above.
24 verbose exit [ 1, true ]
